Desired=Unknown/Install/Remove/Purge/Hold
| Status=Not/Inst/Cfg-files/Unpacked/Failed-cfg/Half-inst/trig-aWait/Trig-pend
|/ Err?=(none)/Hold/Reinst-required/X=both-problems (Status,Err: uppercase=bad)
||/ Name                                                                    Version         Description
+++-=======================================================================-===============-============================================
ii  adv-cmds                                                                119-5           finger, fingerd, last, lsvfs, md, ps
ii  applist                                                                 1.5.7           Allow extensions to read the list of install
ii  apr-lib                                                                 1.3.3-2         just the /usr/lib folder from APR
ii  apt                                                                     1:0-23          any advanced packaging tool from Debian
ii  apt7                                                                    0.7.25.3-6      the advanced packaging tool from Debian
ii  apt7-key                                                                0.7.25.3-3      repository encryption key management tool
ii  apt7-lib                                                                0.7.25.3-11     the advanced packaging library from Debian
ii  apt7-ssl                                                                0.7.25.3-3      advanced packaging from Debian /via SSL/
ii  base                                                                    1-4             underlying system directory structure
ii  bash                                                                    4.0.17-13       the best shell ever, written by Brian Fox
ii  berkeleydb                                                              4.6.21-4p       Oracle's embeddable database engine
ii  bzip2                                                                   1.0.5-7         compression that's slightly better than gzip
ii  cc.tweak.statustab                                                      1.0.0-1         show status bar when pulling down notificati
ii  co.cocoanuts.sandcastle                                                 2.2-1           Access nearly every directory from within a 
ii  com.a3tweaks.flipswitch                                                 1.0.3           Centralized toggle system for iOS
ii  com.alexzielenski.zeppelin                                              2.0.2           Replaces carrier text with an image!
ii  com.arichardson.weepreferenceloader                                     1.1             A framework to easily add preferences to the
ii  com.bensge.noadstoreopen                                                0.0.1-3         prevent Cydia auto-opening AppStore
ii  com.chpwn.iconsupport                                                   1.9.2-1         Support library for safe icon tweaks.
ii  com.chpwn.nodots                                                        1.0-1           completely remove dots from your homescreen
ii  com.chpwn.weeloader                                                     1.2-1           Weeeeeeeeeee! Load Wee apps safely.
ii  com.codethemed.iconbundles                                              0.1-3           Theme icons by bundle identifier without ico
ii  com.codylg.sarifbasic                                                   2.3             This is the free basic Sarif pack.
ii  com.codylg.sarifprefs                                                   0.1             Preferences bundle for the Sarif theme.
ii  com.cokepokes.phantom                                                   2.6.3-1         Break Snapchat's time limit & save pics
ii  com.collab.switchermod                                                  0.5.2           cool improvements for the app switcher
ii  com.darkweaver.wallpaperjpegifier                                       0.5.2           Create JPG versions of LockBackground and Ho
ii  com.dislick.analogclock                                                 0.2             simple analog clock for your lockscreen
ii  com.dislick.binary                                                      0.1.2           a nerdy and stylish binary clock
ii  com.dislick.blackandwhite                                               0.1.3           sweet black & white lockscreen
ii  com.dislick.blur                                                        0.1.2           simple blurry lockscreen
ii  com.dislick.colorflow                                                   0.1.3           lockscreen with a colorful background
ii  com.dislick.risingbars                                                  0.1.1           rising bars according to the time
ii  com.dislick.thin                                                        0.1.4           dark & thin lockscreen theme
ii  com.dislick.typo5                                                       0.1.1           the new typophone. but in pretty.
ii  com.evad3rs.evasi0n                                                     0.4.1-1         untethered jailbreak based on planetbeing an
ii  com.filippobiga.glyphpatch                                              0.3-1           Prevent CoreText text rendering crashing.
ii  com.filippobiga.harlem                                                  1.0-1           Springboard Harlem Shake!
ii  com.filippobiga.passwordpilot                                           1.2-4           auto-inserts your AppStore password
ii  com.fortysixandtwo.jellyfonts                                           1.0             Fonts required for various Jelly* apps.
ii  com.fortysixandtwo.jellylockclock                                       1.4-1           Android Jellybean clock!
ii  com.fortysixandtwo.lsflatalerts                                         1.3             Sends alert directly to the list view on the
ii  com.gjbsoftware.nostorebutton                                           1.0             removes the Store button from Music app
ii  com.ihacksrepo.ios6weatherappfix                                        1.0             A simple fix for the crashing of the Weather
ii  com.ihacksrepo.reposetupfiles                                           2.1             This file is to setup the repo completely wi
ii  com.iphonerepocenter.iconmasksdennistheme                               1.0             rectangular masks for Appstore icons
ii  com.ipr.bytafont                                                        1.7.1           BytaFont lets you apply fonts to your iDevic
ii  com.jailpod.iconoclasmlayoutmaker                                       1.8.2-1         create, save & manage icon layouts
ii  com.macciti.nexafont                                                    1.0.1           Fontfabric type foundry presents Nexa free f
ii  com.malcolmhall.wifipasswords                                           2.0.2           shows previously entered wifi passwords
ii  com.maxkatzmann.lockstatushide                                          0.0.2-21        hide the status bar on the lock screen
ii  com.merdok.badgecustomizer                                              1.4.1-6         change badge color, size & position
rc  com.michael.beautifolders                                               1.3             Theme your folders based on their names.
ii  com.mileskabal.appinfo                                                  1.6.2           display informations about installed apps
ii  com.mkn0dat.cleartheair                                                 1.0.2-114       transparent spotlight & lockscreen backgroun
ii  com.modmyi.despicableme2zeppelinpack                                    1.0             4 cute despicable me 2 minions for Zeppelin
ii  com.modmyi.heartbeatlogorequests                                        1.0             Heartbeat logo for zeppelin
ii  com.modmyi.leagueoflegendszeppelinicons                                 2.0-1           League of Legends Zeppelin icons
ii  com.modmyi.mapscydget                                                   0.1             A Google Maps API Cydget. Lets you view Goog
ii  com.modmyi.mflaticonpack                                                2.1             Icon pack for the popular theme M'Flat.
ii  com.modmyi.pokemonbirdflappybirdtheme                                   0.1             Pokemon Bird (Flappy Bird Theme
ii  com.modmyi.serioussbsettingshd                                          1.4-1           Retina / HD SBSettings theme for SBSettings
ii  com.modmyi.spaceflat                                                    1.2             Space'Flat
ii  com.modmyi.wallgradientbegone                                           2.0             This removes the homescreen Wallpaper gradie
ii  com.modmyi.zeppelinpokemonlogos                                         0.7             here is a set of pokemon Zeppelin logos (Scr
ii  com.modmyi.zeppelinpokemonpackage                                       1.0             Pokemon logos for Zeppelin!
ii  com.modmyi.zeppelinvarietypack                                          1.0.3           Zeppelin Variety Pack
rc  com.myrepospace.s0r1.iphone                                             4.2.0.2         Manage PhotoAlbums w/o iTunes,on Device from
ii  com.naken.lowpowerbanner                                                1.4.5           Turns low battery alerts into banners!
ii  com.officialscheduler.photoorganizer                                    1.1-2           Reorganize your photos/videos
ii  com.optimo.sleeptolock                                                  1.2-5           sleep button takes you to the lockscreen
ii  com.persdev.blackkeyboard                                               1.0.1-2         Using this package you're able to use the fa
ii  com.phoenix.bolt                                                        0.7.0           Statusbar battery icon replacement.
ii  com.rcr.dogezeppelin                                                    1.0             Doge Zeppelin Logo
ii  com.rcrepo.mflatcomplete                                                1.0             A beautiful theme for iOS 7
ii  com.repocydia.appsync50plus                                             2.2             
ii  com.repocydia.doublesmstoneremover                                      5.1AndLower     Have you ever had an annoying SMS tone play 
ii  com.repocydia.rcicon                                                    1.1             RepoCydia.com Setup Files and icons.
ii  com.rpetrich.dietbulletin                                               1.0.4           Skinny notification center bulletins!
ii  com.rpetrich.iconrenamer                                                1.2.1           Rename icons from your SpringBoard
ii  com.rpetrich.layersnapshotter                                           1.0             snapshot composite images for views & layers
ii  com.rpetrich.nonewsisgoodnews                                           1.0.1           Hide Newsstand icon and relocate apps to Spr
ii  com.rpetrich.rocketbootstrap                                            1.0.1           mach lookup support library for iOS 7
rc  com.saurik.iphone.mamu                                                  2.0.2965-1      send attachments using filenames in URLs
ii  com.saurik.substrate.safemode                                           0.9.4000        safe mode safety extension (safe)
ii  com.sbsdefaulthdtheme                                                   1.2             Retina / HD SBSettings default theme for SBS
ii  com.shmoopillc.showmytouch                                              1.2.2-1         Show’s your touch on any screen except Spr
ii  com.sinfuliphone.infiniboard                                            2.0.4-1         Vertically scroll your home screen pages!
ii  com.sinfuliphone.repoprep                                               4.4             Cydia Icons for the SiNfuL iPhone Repo Sourc
ii  com.stubetcha.hexxly                                                    0.1             Minimal Lockscreen. Time is displayed, each 
ii  com.stubetcha.pebbly                                                    0.1             Inspired by the Pebble watch. Time is displa
ii  com.sull.2x2foldericons                                                 1.0-2           changes appearance of folder icons
ii  com.sull.3gunrestrictor                                                 2.6.6-1         Now with FaceTime on 3G support. Allows you 
ii  com.sull.alarming                                                       1.3             never oversleep again! volume boost alarms
rc  com.sull.anyring                                                        6.17            With AnyRing you can easily select any song 
rc  com.sull.applocker                                                      2.2.5           Lock apps, folders, home screen layout and m
ii  com.sull.bridge                                                         1.1.4           Import media into your iTunes Library
ii  com.sull.fabiusutils                                                    0.0.1-38        This is an tool used in several Fabius packa
ii  com.sull.fakeclockup                                                    0.2-1           FakeClockUp accelerates UIKit transition ani
ii  com.sull.flagpaint                                                      1.1.1-1         Tint banners based on icon color
ii  com.sull.flaticons                                                      2.2             Welcome to the most upvoted theme on /r/ iOS
ii  com.sull.foldericons                                                    2.99.15         Now you can set your custom icons for iOS fo
ii  com.sull.iconoclasmios4x                                                1.9.1           Easily customizable icon layout framework.
ii  com.sull.jellylockbeta                                                  0.0.4-93        An awesome lock screen replacement. Give you
ii  com.sull.luna                                                           1.0.2a          Do Not Disturb like it was meant to be.
ii  com.sull.markthatmessage                                                1.0             timestamps ALL entries on SMS screen
ii  com.sull.mewseek                                                        2.8.4-1k        Live streaming & fast music downloading MewS
ii  com.sull.mflat                                                          1.0             Hude M'Flat package
ii  com.sull.orangered                                                      1.1-1           Reddit push notifications. Orangered is a dy
ii  com.sull.repoicons                                                      1.5-21          Required Setup Configuration Files.
ii  com.sull.sarif                                                          2.3             iOS6 Compatible! A textured and matte interf
ii  com.sull.songzahack                                                     0.0.1-1         It is what it is. There's nothing too specia
ii  com.sull.springtomize2icons                                             1.0-1           Settings Icons for Springtomize2
ii  com.sull.springtomize2ios5                                              1.4.3-1         SpringBoard, the way you want it. All over a
ii  com.sull.springtomize2localizations                                     1.0.1           Localizations for Springtomize2
ii  com.sull.whiteline7                                                     1.0             The most minimal theme for iOS 7.
ii  com.sull.wraparound                                                     1.0.1-1         Scroll foverever through icon pages with inf
ii  com.touchrev.dnrings                                                    1.0             Ringtones by PandaSkip
ii  com.w00tylab.tetherstatus                                               1.1-1           Show status bar icon while tethering
ii  com.wraith.smoothcriminal                                               1.0.0-1         Smooth Criminal
ii  com.yllier.foldercloser                                                 1.2             Auto-close folders after app launch
ii  coreutils                                                               8.12-12p        core set of Unix shell utilities from GNU
ii  coreutils-bin                                                           8.12-7p         just the /bin folder from GNU coreutils
ii  crash-reporter                                                          0.2g-1          Send useful crash reports to developers.
ii  curl                                                                    7.33.0-8        flexible multi-protocol file transfers
ii  cy+cpu.arm                                                              0               virtual CPU dependency
ii  cy+kernel.darwin                                                        13.0.0          virtual kernel dependency
ii  cy+lib.corefoundation                                                   793.00          virtual corefoundation dependency
ii  cy+model.iphone                                                         4.1             virtual model dependency
ii  cy+os.ios                                                               6.1.2           virtual operating system dependency
ii  cycript                                                                 0.9.501         runtime execution server and disassembler
ii  cydia                                                                   1.1.9           graphical iPhone front-end for APT
ii  cydia-lproj                                                             1.1.8.1         languages and translations for Cydia
ii  darwintools                                                             1-4             startupfiletool, sw_vers
ii  debianutils                                                             3.3.3ubuntu1-1p pretty much just run-parts. yep? run-parts
ii  diffutils                                                               2.8.1-6         compare two files for differences
ii  diskdev-cmds                                                            421.7-4         mount, quota, fsck, fstyp, fdisk, tunefs
ii  dpkg                                                                    1.14.25-9       package maintainance tools from Debian
ii  file-cmds                                                               220.7-3         chflags, compress, ipcrm, ipcs, pax
ii  findutils                                                               4.2.33-6        indexes and searches filesystems
ii  firmware                                                                6.1.2           almost impressive Apple frameworks
ii  firmware-sbin                                                           0-1             represents Telesphoreo / iPhoneOS conflicts
ii  gettext                                                                 0.17-6          internationalization helper for strings
ii  gnupg                                                                   1.4.8-4         older encryption compatible with OpenPGP
ii  grep                                                                    2.5.4-3         searches files for regular expressions
ii  gsc.3-gvenice                                                           1               virtual GraphicsServices dependency
ii  gsc.720p                                                                1               virtual GraphicsServices dependency
ii  gsc.accelerometer                                                       1               virtual GraphicsServices dependency
ii  gsc.accessibility                                                       1               virtual GraphicsServices dependency
ii  gsc.additional-text-tones                                               1               virtual GraphicsServices dependency
ii  gsc.all-features                                                        1               virtual GraphicsServices dependency
ii  gsc.ambient-light-sensor                                                1               virtual GraphicsServices dependency
ii  gsc.any-telephony                                                       1               virtual GraphicsServices dependency
ii  gsc.app-store                                                           1               virtual GraphicsServices dependency
ii  gsc.application-installation                                            1               virtual GraphicsServices dependency
ii  gsc.armv6                                                               1               virtual GraphicsServices dependency
ii  gsc.armv7                                                               1               virtual GraphicsServices dependency
ii  gsc.assistant                                                           1               virtual GraphicsServices dependency
ii  gsc.auto-focus-camera                                                   1               virtual GraphicsServices dependency
ii  gsc.bluetooth                                                           1               virtual GraphicsServices dependency
ii  gsc.bluetooth-le                                                        1               virtual GraphicsServices dependency
ii  gsc.camera-flash                                                        1               virtual GraphicsServices dependency
ii  gsc.cellular-data                                                       1               virtual GraphicsServices dependency
ii  gsc.contains-cellular-radio                                             1               virtual GraphicsServices dependency
ii  gsc.dictation                                                           1               virtual GraphicsServices dependency
ii  gsc.display-mirroring                                                   1               virtual GraphicsServices dependency
ii  gsc.displayport                                                         1               virtual GraphicsServices dependency
ii  gsc.encode-aac                                                          1               virtual GraphicsServices dependency
ii  gsc.encrypted-data-partition                                            1               virtual GraphicsServices dependency
ii  gsc.fcc-logos-via-software                                              1               virtual GraphicsServices dependency
ii  gsc.front-facing-camera                                                 1               virtual GraphicsServices dependency
ii  gsc.full-6                                                              1               virtual GraphicsServices dependency
ii  gsc.gamekit                                                             1               virtual GraphicsServices dependency
ii  gsc.gas-gauge-battery                                                   1               virtual GraphicsServices dependency
ii  gsc.gps                                                                 1               virtual GraphicsServices dependency
ii  gsc.gyroscope                                                           1               virtual GraphicsServices dependency
ii  gsc.h264-encoder                                                        1               virtual GraphicsServices dependency
ii  gsc.hardware-keyboard                                                   1               virtual GraphicsServices dependency
ii  gsc.hd-video-capture                                                    1               virtual GraphicsServices dependency
ii  gsc.hdr-image-capture                                                   1               virtual GraphicsServices dependency
ii  gsc.hearingaid-audio-equalization                                       1               virtual GraphicsServices dependency
ii  gsc.hearingaid-low-energy-audio                                         1               virtual GraphicsServices dependency
ii  gsc.hiccough-interval                                                   0.3             virtual GraphicsServices dependency
ii  gsc.hidpi                                                               1               virtual GraphicsServices dependency
ii  gsc.homescreen-wallpaper                                                1               virtual GraphicsServices dependency
ii  gsc.hw-encode-snapshots                                                 1               virtual GraphicsServices dependency
ii  gsc.international-settings                                              1               virtual GraphicsServices dependency
ii  gsc.io-surface-backed-images                                            1               virtual GraphicsServices dependency
ii  gsc.load-thumbnails-while-scrolling                                     1               virtual GraphicsServices dependency
ii  gsc.location-reminders                                                  1               virtual GraphicsServices dependency
ii  gsc.location-services                                                   1               virtual GraphicsServices dependency
ii  gsc.magnetometer                                                        1               virtual GraphicsServices dependency
ii  gsc.microphone                                                          1               virtual GraphicsServices dependency
ii  gsc.mms                                                                 1               virtual GraphicsServices dependency
ii  gsc.multitasking                                                        1               virtual GraphicsServices dependency
ii  gsc.music-store                                                         1               virtual GraphicsServices dependency
ii  gsc.nike-ipod                                                           1               virtual GraphicsServices dependency
ii  gsc.not-green-tea                                                       1               virtual GraphicsServices dependency
ii  gsc.opengles-1                                                          1               virtual GraphicsServices dependency
ii  gsc.opengles-2                                                          1               virtual GraphicsServices dependency
ii  gsc.peer-peer                                                           1               virtual GraphicsServices dependency
ii  gsc.personal-hotspot                                                    1               virtual GraphicsServices dependency
ii  gsc.photo-adjustments                                                   1               virtual GraphicsServices dependency
ii  gsc.photo-stream                                                        1               virtual GraphicsServices dependency
ii  gsc.proximity-sensor                                                    1               virtual GraphicsServices dependency
ii  gsc.ptp-large-files                                                     1               virtual GraphicsServices dependency
ii  gsc.rear-facing-camera                                                  1               virtual GraphicsServices dependency
ii  gsc.ringer-switch                                                       1               virtual GraphicsServices dependency
ii  gsc.shoebox                                                             1               virtual GraphicsServices dependency
ii  gsc.siri-gesture                                                        1               virtual GraphicsServices dependency
ii  gsc.sms                                                                 1               virtual GraphicsServices dependency
ii  gsc.stand-alone-contacts                                                1               virtual GraphicsServices dependency
ii  gsc.still-camera                                                        1               virtual GraphicsServices dependency
ii  gsc.telephony                                                           1               virtual GraphicsServices dependency
ii  gsc.telephony-maximum-generation                                        3.5             virtual GraphicsServices dependency
ii  gsc.tv-out-crossfade                                                    1               virtual GraphicsServices dependency
ii  gsc.unified-ipod                                                        1               virtual GraphicsServices dependency
ii  gsc.venice                                                              1               virtual GraphicsServices dependency
ii  gsc.video-camera                                                        1               virtual GraphicsServices dependency
ii  gsc.voice-control                                                       1               virtual GraphicsServices dependency
ii  gsc.voip                                                                1               virtual GraphicsServices dependency
ii  gsc.volume-buttons                                                      1               virtual GraphicsServices dependency
ii  gsc.wifi                                                                1               virtual GraphicsServices dependency
ii  gsc.youtube                                                             1               virtual GraphicsServices dependency
ii  gsc.youtube-plugin                                                      1               virtual GraphicsServices dependency
ii  gzip                                                                    1.6-7           the standard Unix compression algorithm
ii  iacces.com                                                              0-1             iAcces Master Repository
ii  jp.ashikase.multiiconmover                                              1:1.1.2-1       Move multiple SpringBoard icons at a time.
ii  jp.ashikase.symbolicate                                                 1.3.0-1         Tool to symbolicate crash logs.
ii  jp.r-plus.swipeshiftcaret                                               1.6.2-1         Caret micromanager via swipes
ii  jp.tom-go.openopera                                                     1.14-2          Open links in 3rd-party browser, instead of 
ii  libactivator                                                            1.8.3           Centralized gestures, button and shortcut ma
ii  libbox2d                                                                2.3.0-1         A 2D physics engine written by Erin Catto
ii  libffi                                                                  1:3.0.10-5      dynamic generation of function calls
ii  libhide                                                                 2.4.1-1         Library to hide icons.
ii  libstatusbar                                                            0.9.7.0         Statusbar icon support for 4.0+
ii  lzma                                                                    4.32.7-4        slower, but better, compression algorithm
ii  mobilesubstrate                                                         0.9.5001        powerful code insertion platform
ii  ncurses                                                                 5.7-13          feature-complete terminal library
ii  net.crazy.updateskiller                                                 1.0.2           disable Software Update; hide app badges
ii  openssh                                                                 6.1p1-11        secure remote access between machines
ii  openssl                                                                 0.9.8y-10       SSL library and cryptographic tools
ii  org.h2co3.unbox                                                         0.2-2           filesystem access from a sandbox
rc  org.herf.flux                                                           0.985           warms colors at night to match indoor lighti
ii  org.ilendsoft.no-percent-sign                                           1.5-1           Removes battery '%' sign from statusbar
ii  org.thebigboss.flappycagetheme                                          2.0             Nicolas Cage's head as the Flappy Bird
ii  org.thebigboss.repo.icons                                               1.0             locally cached package icons from BigBoss
ii  org.thebigboss.snowcoversimple                                          1.2             Beautify your lockscreen with album artwork
ii  org.thebigboss.themeiconmaker                                           2.0             creates missing app icons for themes
ii  p7zip                                                                   4.57-3p         claims to be a good compressor
ii  pam                                                                     32.1-3          pluggable (comples) authentication modules
ii  pam-modules                                                             36.1-4          standard Apple authentication modules
ii  pcre                                                                    8.30-5p         Perl-compatible regular expressions
ii  pincrush                                                                0.9.2-1         optimize PNGs just like Apple does
ii  preferenceloader                                                        2.2.2           load preferences in style
ii  profile.d                                                               0-2             makes packaging for /etc/profile reasonable
ii  readline                                                                6.0-7           command-line history management
ii  repo.biteyourapple.net.byarepoicons                                     2.1.6           Le icone per Cydia di BiteYourApple!
rc  repo.biteyourapple.net.colorkeyboard                                    1.3.0-1         Colorized keyboard on your iPhone
ii  repo.biteyourapple.net.commonlibs                                       1.0.1           Common Libraries for Utilities developed by 
ii  repo.biteyourapple.net.ifile                                            1.9.1-1         A File Manager and Viewer. iFile is a file m
ii  repo.biteyourapple.net.infinidock                                       2.0.4-1         Scroll your dock with infinite icons!
ii  repo.biteyourapple.net.infinifolders                                    2.0.4-1         Scroll your folders: break the icon barrier!
ii  repo.biteyourapple.net.mxtube                                           2.1             The first native YouTube video downloader.
ii  repo.biteyourapple.net.unlimtones                                       4.7-60          Download Ringtones on the Go including text/
ii  sbsettings                                                              6.0.5-1         Move common toggles directly into springboar
ii  sbsettingstoggles                                                       6.0-2           These are the built in toggles for the SBSet
ii  sed                                                                     4.1.5-7         edits streams of text using patterns
ii  shell-cmds                                                              118-6           killall, mktemp, renice, time, which
ii  springflash                                                             1.6-1           Activator based LED flashlight for iPhone 4.
ii  syslogd                                                                 1.0.2586-2      a very useful failure debugging aid
ii  system-cmds                                                             433.4-12        iostat, login, passwd, sync, sysctl
ii  tar                                                                     1.19-8          tool for making tape archives
ii  uikittools                                                              1.1.8           UIKit/GraphicsServices command line access
ii  unrar                                                                   3.6.8-2p        de-compresses files in rar format
ii  unzip                                                                   5.52-5p         de-compesses files in zip format
ii  us.nakedproductions.cleanstatus                                         0.9.8.5-1       CleanStatus is a controller for hiding statu
ii  wget                                                                    1.11-3p         simple HTTP file transfer client
ii  winterboard                                                             0.9.3915        more powerful, open-source SummerBoard
ii  ws.hbang.plugication                                                    1.1-3           Automatically play iPod when headphones are 
ii  ws.hbang.storealert                                                     1.0-2           Ask before opening iTunes/App Store
ii  zip                                                                     2.32-5p         standard Windows compression tool
