anondev.localiapstore
apr-lib
apt
apt7
apt7-key
apt7-lib
apt7-ssl
base
bash
berkeleydb
bitesms
bzip2
com.a3tweaks.flipswitch
com.aaronash.barrel
com.bensge.noadstoreopen
com.bytafont.bytafont2
com.chpwn.iconsupport
com.codethemed.iconbundles
com.dba-tech.forecast
com.dba-tech.lockpages
com.evad3rs.evasi0n7
com.exile90.icleanerpro
com.fortysixandtwo.alkaline
com.hackyouriphone.ayeris
com.hackyouriphone.datameter
com.hackyouriphone.iconrepo
com.iky1e.swipeselection
com.jerryen.gifviewer
com.joshdoctors.powerbanners
com.macciti.bariolfontios7
com.mileskabal.appinfo
com.modmyi.aura
com.modmyi.solsticealtwifidots
com.modmyi.solsticebatteryforalkaline
com.modmyi.whatsappblurtheme
com.pnre.statusbarfix2
com.robottom.readreceiptfs
com.rpetrich.flipcontrolcenter
com.rpetrich.rocketbootstrap
com.saurik.substrate.safemode
com.sull.ifile
com.sull.repoicons
com.sull.wifibooster
com.tylerflowers.nopagedots7
com.uknl.betrfoldr
coreutils
coreutils-bin
curl
cy+cpu.arm
cy+kernel.darwin
cy+lib.corefoundation
cy+model.iphone
cy+os.ios
cydia
cydia-lproj
darwintools
de.j-gessner.ccloader
de.ng.dockshift
debianutils
diffutils
diskdev-cmds
dpkg
file-cmds
findutils
firmware
firmware-sbin
gnupg
grep
gsc.720p
gsc.accelerometer
gsc.accessibility
gsc.additional-text-tones
gsc.all-features
gsc.allow-you-tube
gsc.allow-you-tube-plugin
gsc.any-telephony
gsc.armv6
gsc.armv7
gsc.assistant
gsc.auto-focus-camera
gsc.battery-current-capacity
gsc.battery-is-charging
gsc.bluetooth
gsc.bluetooth-le
gsc.board-id
gsc.camera-flash
gsc.cellular-data
gsc.chip-i-d
gsc.contains-cellular-radio
gsc.device-class-number
gsc.device-supports-face-time
gsc.device-supports-navigation
gsc.device-supports-simplistic-road-mesh
gsc.device-supports1080p
gsc.device-supports3-d-imagery
gsc.device-supports3-d-maps
gsc.device-supports720p
gsc.dictation
gsc.display-mirroring
gsc.displayport
gsc.encode-aac
gsc.encrypted-data-partition
gsc.external-charge-capability
gsc.external-power-source-connected
gsc.fcc-logos-via-software
gsc.forward-camera-capability
gsc.front-facing-camera
gsc.gamekit
gsc.gas-gauge-battery
gsc.gps
gsc.gyroscope
gsc.h264-encoder
gsc.hardware-keyboard
gsc.has-baseband
gsc.has-spring-board
gsc.hd-video-capture
gsc.hdr-image-capture
gsc.hiccough-interval
gsc.hidpi
gsc.homescreen-wallpaper
gsc.hw-encode-snapshots
gsc.i-tunes-family-i-d
gsc.international-settings
gsc.io-surface-backed-images
gsc.load-thumbnails-while-scrolling
gsc.location-services
gsc.magnetometer
gsc.main-screen-class
gsc.main-screen-height
gsc.main-screen-pitch
gsc.main-screen-scale
gsc.main-screen-width
gsc.microphone
gsc.mms
gsc.multitasking
gsc.nike-ipod
gsc.not-green-tea
gsc.opengles-1
gsc.opengles-2
gsc.panorama-camera-capability
gsc.peer-peer
gsc.photo-adjustments
gsc.photo-stream
gsc.proximity-sensor
gsc.ptp-large-files
gsc.rear-camera-capability
gsc.required-battery-level-for-software-update
gsc.ringer-switch
gsc.signing-fuse
gsc.sms
gsc.stand-alone-contacts
gsc.still-camera
gsc.telephony
gsc.telephony-maximum-generation
gsc.tv-out-crossfade
gsc.unified-ipod
gsc.venice
gsc.video-camera
gsc.voice-control
gsc.voip
gsc.volume-buttons
gsc.wi-fi
gsc.wifi
gsc.youtube
gzip
libhide
libstatusbar
lzma
me.qusic.networklist
miktr.switch.flux
mobilesubstrate
ncurses
net.tetherme.tetherme
network-cmds
openssl
org.coolstar.photobooth
org.herf.flux
org.thebigboss.bridge
org.thebigboss.disableparallaxeffect
org.thebigboss.repo.icons
p7zip
pam
pam-modules
pcre
pincrush
preferenceloader
profile.d
readline
sed
shell-cmds
system-cmds
tar
uikittools
unrar
unzip
winterboard
ws.hbang.common
ws.hbang.flagpaint7
ws.hbang.typestatus
zip
