anondev.localiapstore
applist
apr-lib
apt
apt7
apt7-key
apt7-lib
apt7-ssl
base
bash
berkeleydb
bitesms
bzip2
ca.adambell.springshot
cc.tweak.statushud
ch.ringwald.hidsupport
ch.ringwald.springboardaccess
com.a3tweaks.flipswitch
com.alexzielenski.zeppelin
com.andywiik.itransmission4
com.bytafont.bytafont2
com.bytafont2.celestehand
com.bytafont2.cupiddelocke
com.bytafont2.cursive
com.bytafont2.jerryshandwriting
com.ericasadun.utilities
com.evad3rs.evasi0n7
com.exile90.icleanerpro
com.filippobiga.springtomize3
com.fortysixandtwo.alkaline
com.fuyuchi.flex2
com.iky1e.swipeselection
com.joshdoctors.powerbanners
com.macciti.lightsoff
com.macciti.respringlogosios7
com.modmyi.applelogoalkalinebattery
com.modmyi.colorpads3
com.modmyi.livebatteryindicatorios7
com.modmyi.redditzeppelinrequests1citric
com.modmyi.solstice
com.modmyi.spaceblueberry
com.modmyi.speedbatteryforalkaline
com.modmyi.speedometerbatteryforalkaline
com.modmyi.valvezeppelinpack
com.myrepospace.stevenancel.alienbluezeppelin
com.pnre.uniformity
com.r333d.cylinder
com.repocydia.rcicon
com.rpetrich.biolockdown
com.rpetrich.flipcontrolcenter
com.rpetrich.nonewsisgoodnews
com.rpetrich.rocketbootstrap
com.rpetrich.sslpatch
com.saurik.substrate.safemode
com.sull.appsyncforios70
com.sull.barrel
com.sull.batteryloggerplus
com.sull.blob
com.sull.cloaky
com.sull.dazeforiphone
com.sull.fabiusutils
com.sull.fake-libgcc
com.sull.flagpaint7
com.sull.gameplayer
com.sull.gridswitcher
com.sull.iphone-gccheaders
com.sull.mobileterminalios7
com.sull.multiiconmoverplus
com.sull.neue
com.sull.remotemessagesios7
com.sull.repoicons
com.sull.rocketlauncher
com.sull.statusbarfix2
com.sull.timepasscodepro
com.sull.tiny7
com.sull.videopane
com.w00tylab.virtualhome
com.zodttd.vlc4iphone
coreutils
coreutils-bin
csu
curl
cy+cpu.arm64
cy+kernel.darwin
cy+lib.corefoundation
cy+model.iphone
cy+os.ios
cydia
cydia-lproj
darwintools
de.ingmarstein.overachiever
debianutils
diffutils
diskdev-cmds
dpkg
eu.heinelt.ifile
file-cmds
findutils
firmware
firmware-sbin
gnupg
grep
gsc.720p
gsc.accelerometer
gsc.accessibility
gsc.additional-text-tones
gsc.all-features
gsc.allow-you-tube
gsc.allow-you-tube-plugin
gsc.any-telephony
gsc.armv6
gsc.armv7
gsc.assistant
gsc.auto-focus-camera
gsc.battery-current-capacity
gsc.battery-is-charging
gsc.bluetooth
gsc.bluetooth-le
gsc.board-id
gsc.camera-flash
gsc.cellular-data
gsc.chip-i-d
gsc.contains-cellular-radio
gsc.device-class-number
gsc.device-supports-face-time
gsc.device-supports-navigation
gsc.device-supports-simplistic-road-mesh
gsc.device-supports1080p
gsc.device-supports3-d-imagery
gsc.device-supports3-d-maps
gsc.device-supports720p
gsc.device-supports9-pin
gsc.dictation
gsc.display-mirroring
gsc.displayport
gsc.encode-aac
gsc.encrypted-data-partition
gsc.external-power-source-connected
gsc.fcc-logos-via-software
gsc.forward-camera-capability
gsc.front-facing-camera
gsc.gamekit
gsc.gas-gauge-battery
gsc.gps
gsc.gyroscope
gsc.h264-encoder
gsc.hardware-keyboard
gsc.has-baseband
gsc.has-spring-board
gsc.hd-video-capture
gsc.hdr-image-capture
gsc.hiccough-interval
gsc.hidpi
gsc.homescreen-wallpaper
gsc.hw-encode-snapshots
gsc.i-tunes-family-i-d
gsc.international-settings
gsc.io-surface-backed-images
gsc.load-thumbnails-while-scrolling
gsc.location-services
gsc.magnetometer
gsc.main-screen-class
gsc.main-screen-height
gsc.main-screen-pitch
gsc.main-screen-scale
gsc.main-screen-width
gsc.microphone
gsc.mms
gsc.multitasking
gsc.nike-ipod
gsc.not-green-tea
gsc.opengles-1
gsc.opengles-2
gsc.panorama-camera-capability
gsc.peer-peer
gsc.photo-adjustments
gsc.photo-stream
gsc.proximity-sensor
gsc.ptp-large-files
gsc.rear-camera-capability
gsc.required-battery-level-for-software-update
gsc.ringer-switch
gsc.signing-fuse
gsc.sms
gsc.stand-alone-contacts
gsc.still-camera
gsc.telephony
gsc.telephony-maximum-generation
gsc.tv-out-crossfade
gsc.unified-ipod
gsc.venice
gsc.video-camera
gsc.voice-control
gsc.voip
gsc.volume-buttons
gsc.wi-fi
gsc.wifi
gsc.youtube
gzip
iphone-gcc
jp.ashikase.lastapp
jp.ashikase.mousesupport
ldid
libactivator
libhide
libstatusbar
lzma
mobilesubstrate
ncurses
net.joedj.nitrous
nvi
odcctools
openssl
org.herf.flux
org.thebigboss.ayeconios7
org.thebigboss.dismissmykeyboard
org.thebigboss.guestmode
org.thebigboss.harrypotterzeppelin
org.thebigboss.repo.icons
org.thebigboss.softremixios7theme
p7zip
pam
pam-modules
pcre
pincrush
preferenceloader
profile.d
readline
sed
shell-cmds
system-cmds
tar
top
uikittools
unrar
unzip
us.scw.afctwoadd
uuid
veency
whois
winterboard
ws.hbang.common
ws.hbang.repower
ws.hbang.storealert
zip
