applist
apr-lib
apt
apt7
apt7-key
apt7-lib
apt7-ssl
base
bash
berkeleydb
bzip2
com.a3tweaks.flipswitch
com.alexzielenski.zeppelin
com.danyl.cccontrols
com.danyl.cccontrols.defaultthemes
com.developersbliss.cchide
com.evad3rs.evasi0n7
com.gnos.bloard
com.iky1e.swipeselection
com.modmyi.seatcuprazeppelinlogos
com.rbt.batterylife
com.rpetrich.biolockdown
com.rpetrich.rocketbootstrap
com.saurik.substrate.safemode
com.suu.slide2kill7
com.vsnrain.ccsystemstatus
com.zokunei.openbackup
coreutils
coreutils-bin
curl
cy+cpu.arm64
cy+kernel.darwin
cy+lib.corefoundation
cy+model.iphone
cy+os.ios
cydia
cydia-lproj
darwintools
de.j-gessner.ccloader
de.ng.dockshift
debianutils
diffutils
diskdev-cmds
dpkg
eu.heinelt.ifile
file-cmds
findutils
firmware
firmware-sbin
gnupg
grep
gsc.720p
gsc.accelerometer
gsc.accessibility
gsc.additional-text-tones
gsc.all-features
gsc.allow-you-tube
gsc.any-telephony
gsc.armv6
gsc.armv7
gsc.assistant
gsc.auto-focus-camera
gsc.battery-current-capacity
gsc.bluetooth
gsc.bluetooth-le
gsc.board-id
gsc.camera-flash
gsc.cellular-data
gsc.chip-i-d
gsc.contains-cellular-radio
gsc.device-class-number
gsc.device-supports-face-time
gsc.device-supports-navigation
gsc.device-supports-simplistic-road-mesh
gsc.device-supports-tethering
gsc.device-supports1080p
gsc.device-supports3-d-imagery
gsc.device-supports3-d-maps
gsc.device-supports720p
gsc.device-supports9-pin
gsc.dictation
gsc.display-mirroring
gsc.displayport
gsc.encode-aac
gsc.encrypted-data-partition
gsc.external-charge-capability
gsc.fcc-logos-via-software
gsc.forward-camera-capability
gsc.front-facing-camera
gsc.gamekit
gsc.gas-gauge-battery
gsc.gps
gsc.gyroscope
gsc.h264-encoder
gsc.hardware-keyboard
gsc.has-baseband
gsc.has-spring-board
gsc.hd-video-capture
gsc.hdr-image-capture
gsc.hiccough-interval
gsc.hidpi
gsc.homescreen-wallpaper
gsc.hw-encode-snapshots
gsc.i-tunes-family-i-d
gsc.international-settings
gsc.io-surface-backed-images
gsc.load-thumbnails-while-scrolling
gsc.location-services
gsc.magnetometer
gsc.main-screen-class
gsc.main-screen-height
gsc.main-screen-pitch
gsc.main-screen-scale
gsc.main-screen-width
gsc.microphone
gsc.mms
gsc.multitasking
gsc.nike-ipod
gsc.not-green-tea
gsc.opengles-1
gsc.opengles-2
gsc.panorama-camera-capability
gsc.peer-peer
gsc.photo-adjustments
gsc.photo-stream
gsc.proximity-sensor
gsc.ptp-large-files
gsc.rear-camera-capability
gsc.regional-behavior-e-u-volume-limit
gsc.required-battery-level-for-software-update
gsc.ringer-switch
gsc.signing-fuse
gsc.sms
gsc.stand-alone-contacts
gsc.still-camera
gsc.telephony
gsc.telephony-maximum-generation
gsc.tv-out-crossfade
gsc.unified-ipod
gsc.venice
gsc.video-camera
gsc.voice-control
gsc.voip
gsc.volume-buttons
gsc.wi-fi
gsc.wifi
gsc.youtube
gzip
jp.ashikase.showcase
libhide
lzma
me.devbug.hiddensettings7
mobilesubstrate
ncurses
net.joedj.nitrous
net.limneos.novoicemail
openssl
org.thebigboss.disableparallaxeffect
org.thebigboss.repo.icons
p7zip
pam
pam-modules
pcre
pincrush
preferenceloader
profile.d
readline
sed
shell-cmds
system-cmds
tar
uikittools
unrar
unzip
winterboard
zip
